02:13:38.646 [main] INFO  StdSchedulerFactoryorg.quartz.impl.StdSchedulerFactory - Using default implementation for ThreadExecutor
02:13:38.658 [main] INFO  SimpleThreadPoolorg.quartz.simpl.SimpleThreadPool - Job execution threads will use class loader of thread: main
02:13:38.681 [main] INFO  SchedulerSignalerImplorg.quartz.core.SchedulerSignalerImpl - Initialized Scheduler Signaller of type: class org.quartz.core.SchedulerSignalerImpl
02:13:38.681 [main] INFO  QuartzSchedulerorg.quartz.core.QuartzScheduler - Quartz Scheduler v.2.3.2 created.
02:13:38.682 [main] INFO  RAMJobStoreorg.quartz.simpl.RAMJobStore - RAMJobStore initialized.
02:13:38.685 [main] INFO  QuartzSchedulerorg.quartz.core.QuartzScheduler - Scheduler meta-data: Quartz Scheduler (v2.3.2) 'DefaultQuartzScheduler' with instanceId 'NON_CLUSTERED'
  Scheduler class: 'org.quartz.core.QuartzScheduler' - running locally.
  NOT STARTED.
  Currently in standby mode.
  Number of jobs executed: 0
  Using thread pool 'org.quartz.simpl.SimpleThreadPool' - with 10 threads.
  Using job-store 'org.quartz.simpl.RAMJobStore' - which does not support persistence. and is not clustered.

02:13:38.685 [main] INFO  StdSchedulerFactoryorg.quartz.impl.StdSchedulerFactory - Quartz scheduler 'DefaultQuartzScheduler' initialized from default resource file in Quartz package: 'quartz.properties'
02:13:38.685 [main] INFO  StdSchedulerFactoryorg.quartz.impl.StdSchedulerFactory - Quartz scheduler version: 2.3.2
02:13:38.685 [main] INFO  QuartzSchedulerorg.quartz.core.QuartzScheduler - Scheduler DefaultQuartzScheduler_$_NON_CLUSTERED started.
02:13:38.742 [DefaultQuartzScheduler_Worker-1] INFO  ThreatIntelligenceJobcom.rabbitq.job.ThreatIntelligenceJob - 开始抓取情报: 2024-06-27T02:13:38.709+0800
02:13:38.742 [DefaultQuartzScheduler_Worker-1] INFO  ThreatIntelligenceJobcom.rabbitq.job.ThreatIntelligenceJob - 开始抓取情报: 2024-06-27T02:13:38.709+0800
02:13:38.916 [DefaultQuartzScheduler_Worker-1] INFO  Reflectionsorg.reflections.Reflections - Reflections took 139 ms to scan 1 urls, producing 2 keys and 4 values
02:13:39.342 [DefaultQuartzScheduler_Worker-1] ERROR JobRunShellorg.quartz.core.JobRunShell - Job group1.threatIntelligenceJob threw an unhandled Exception: 
java.lang.ExceptionInInitializerError: null
	at com.rabbitq.models.impl.UserInfoGatherImpl.getRepos(UserInfoGatherImpl.java:37) ~[classes/:?]
	at com.rabbitq.job.ThreatIntelligenceJob.execute(ThreatIntelligenceJob.java:37) ~[classes/:?]
	at org.quartz.core.JobRunShell.run(JobRunShell.java:202) [quartz-2.3.2.jar:?]
	at org.quartz.simpl.SimpleThreadPool$WorkerThread.run(SimpleThreadPool.java:573) [quartz-2.3.2.jar:?]
Caused by: org.apache.ibatis.exceptions.PersistenceException: 
### Error building SqlSession.
### The error may exist in com/rabbitq/dao/RedteamToolsMonitorMapper.xml
### Cause: org.apache.ibatis.builder.BuilderException: Error parsing SQL Mapper Configuration. Cause: java.io.IOException: Could not find resource com/rabbitq/dao/RedteamToolsMonitorMapper.xml
	at org.apache.ibatis.exceptions.ExceptionFactory.wrapException(ExceptionFactory.java:30) ~[mybatis-3.5.6.jar:3.5.6]
	at org.apache.ibatis.session.SqlSessionFactoryBuilder.build(SqlSessionFactoryBuilder.java:80) ~[mybatis-3.5.6.jar:3.5.6]
	at org.apache.ibatis.session.SqlSessionFactoryBuilder.build(SqlSessionFactoryBuilder.java:64) ~[mybatis-3.5.6.jar:3.5.6]
	at com.rabbitq.utils.MyBatisUtil.<clinit>(MyBatisUtil.java:28) ~[classes/:?]
	... 4 more
Caused by: org.apache.ibatis.builder.BuilderException: Error parsing SQL Mapper Configuration. Cause: java.io.IOException: Could not find resource com/rabbitq/dao/RedteamToolsMonitorMapper.xml
	at org.apache.ibatis.builder.xml.XMLConfigBuilder.parseConfiguration(XMLConfigBuilder.java:122) ~[mybatis-3.5.6.jar:3.5.6]
	at org.apache.ibatis.builder.xml.XMLConfigBuilder.parse(XMLConfigBuilder.java:99) ~[mybatis-3.5.6.jar:3.5.6]
	at org.apache.ibatis.session.SqlSessionFactoryBuilder.build(SqlSessionFactoryBuilder.java:78) ~[mybatis-3.5.6.jar:3.5.6]
	at org.apache.ibatis.session.SqlSessionFactoryBuilder.build(SqlSessionFactoryBuilder.java:64) ~[mybatis-3.5.6.jar:3.5.6]
	at com.rabbitq.utils.MyBatisUtil.<clinit>(MyBatisUtil.java:28) ~[classes/:?]
	... 4 more
Caused by: java.io.IOException: Could not find resource com/rabbitq/dao/RedteamToolsMonitorMapper.xml
	at org.apache.ibatis.io.Resources.getResourceAsStream(Resources.java:114) ~[mybatis-3.5.6.jar:3.5.6]
	at org.apache.ibatis.io.Resources.getResourceAsStream(Resources.java:100) ~[mybatis-3.5.6.jar:3.5.6]
	at org.apache.ibatis.builder.xml.XMLConfigBuilder.mapperElement(XMLConfigBuilder.java:375) ~[mybatis-3.5.6.jar:3.5.6]
	at org.apache.ibatis.builder.xml.XMLConfigBuilder.parseConfiguration(XMLConfigBuilder.java:120) ~[mybatis-3.5.6.jar:3.5.6]
	at org.apache.ibatis.builder.xml.XMLConfigBuilder.parse(XMLConfigBuilder.java:99) ~[mybatis-3.5.6.jar:3.5.6]
	at org.apache.ibatis.session.SqlSessionFactoryBuilder.build(SqlSessionFactoryBuilder.java:78) ~[mybatis-3.5.6.jar:3.5.6]
	at org.apache.ibatis.session.SqlSessionFactoryBuilder.build(SqlSessionFactoryBuilder.java:64) ~[mybatis-3.5.6.jar:3.5.6]
	at com.rabbitq.utils.MyBatisUtil.<clinit>(MyBatisUtil.java:28) ~[classes/:?]
	... 4 more
02:13:39.355 [DefaultQuartzScheduler_Worker-1] ERROR ErrorLoggerorg.quartz.core.ErrorLogger - Job (group1.threatIntelligenceJob threw an exception.
org.quartz.SchedulerException: Job threw an unhandled exception.
	at org.quartz.core.JobRunShell.run(JobRunShell.java:213) [quartz-2.3.2.jar:?]
	at org.quartz.simpl.SimpleThreadPool$WorkerThread.run(SimpleThreadPool.java:573) [quartz-2.3.2.jar:?]
Caused by: java.lang.ExceptionInInitializerError
	at com.rabbitq.models.impl.UserInfoGatherImpl.getRepos(UserInfoGatherImpl.java:37) ~[classes/:?]
	at com.rabbitq.job.ThreatIntelligenceJob.execute(ThreatIntelligenceJob.java:37) ~[classes/:?]
	at org.quartz.core.JobRunShell.run(JobRunShell.java:202) ~[quartz-2.3.2.jar:?]
	... 1 more
Caused by: org.apache.ibatis.exceptions.PersistenceException: 
### Error building SqlSession.
### The error may exist in com/rabbitq/dao/RedteamToolsMonitorMapper.xml
### Cause: org.apache.ibatis.builder.BuilderException: Error parsing SQL Mapper Configuration. Cause: java.io.IOException: Could not find resource com/rabbitq/dao/RedteamToolsMonitorMapper.xml
	at org.apache.ibatis.exceptions.ExceptionFactory.wrapException(ExceptionFactory.java:30) ~[mybatis-3.5.6.jar:3.5.6]
	at org.apache.ibatis.session.SqlSessionFactoryBuilder.build(SqlSessionFactoryBuilder.java:80) ~[mybatis-3.5.6.jar:3.5.6]
	at org.apache.ibatis.session.SqlSessionFactoryBuilder.build(SqlSessionFactoryBuilder.java:64) ~[mybatis-3.5.6.jar:3.5.6]
	at com.rabbitq.utils.MyBatisUtil.<clinit>(MyBatisUtil.java:28) ~[classes/:?]
	at com.rabbitq.models.impl.UserInfoGatherImpl.getRepos(UserInfoGatherImpl.java:37) ~[classes/:?]
	at com.rabbitq.job.ThreatIntelligenceJob.execute(ThreatIntelligenceJob.java:37) ~[classes/:?]
	at org.quartz.core.JobRunShell.run(JobRunShell.java:202) ~[quartz-2.3.2.jar:?]
	... 1 more
Caused by: org.apache.ibatis.builder.BuilderException: Error parsing SQL Mapper Configuration. Cause: java.io.IOException: Could not find resource com/rabbitq/dao/RedteamToolsMonitorMapper.xml
	at org.apache.ibatis.builder.xml.XMLConfigBuilder.parseConfiguration(XMLConfigBuilder.java:122) ~[mybatis-3.5.6.jar:3.5.6]
	at org.apache.ibatis.builder.xml.XMLConfigBuilder.parse(XMLConfigBuilder.java:99) ~[mybatis-3.5.6.jar:3.5.6]
	at org.apache.ibatis.session.SqlSessionFactoryBuilder.build(SqlSessionFactoryBuilder.java:78) ~[mybatis-3.5.6.jar:3.5.6]
	at org.apache.ibatis.session.SqlSessionFactoryBuilder.build(SqlSessionFactoryBuilder.java:64) ~[mybatis-3.5.6.jar:3.5.6]
	at com.rabbitq.utils.MyBatisUtil.<clinit>(MyBatisUtil.java:28) ~[classes/:?]
	at com.rabbitq.models.impl.UserInfoGatherImpl.getRepos(UserInfoGatherImpl.java:37) ~[classes/:?]
	at com.rabbitq.job.ThreatIntelligenceJob.execute(ThreatIntelligenceJob.java:37) ~[classes/:?]
	at org.quartz.core.JobRunShell.run(JobRunShell.java:202) ~[quartz-2.3.2.jar:?]
	... 1 more
Caused by: java.io.IOException: Could not find resource com/rabbitq/dao/RedteamToolsMonitorMapper.xml
	at org.apache.ibatis.io.Resources.getResourceAsStream(Resources.java:114) ~[mybatis-3.5.6.jar:3.5.6]
	at org.apache.ibatis.io.Resources.getResourceAsStream(Resources.java:100) ~[mybatis-3.5.6.jar:3.5.6]
	at org.apache.ibatis.builder.xml.XMLConfigBuilder.mapperElement(XMLConfigBuilder.java:375) ~[mybatis-3.5.6.jar:3.5.6]
	at org.apache.ibatis.builder.xml.XMLConfigBuilder.parseConfiguration(XMLConfigBuilder.java:120) ~[mybatis-3.5.6.jar:3.5.6]
	at org.apache.ibatis.builder.xml.XMLConfigBuilder.parse(XMLConfigBuilder.java:99) ~[mybatis-3.5.6.jar:3.5.6]
	at org.apache.ibatis.session.SqlSessionFactoryBuilder.build(SqlSessionFactoryBuilder.java:78) ~[mybatis-3.5.6.jar:3.5.6]
	at org.apache.ibatis.session.SqlSessionFactoryBuilder.build(SqlSessionFactoryBuilder.java:64) ~[mybatis-3.5.6.jar:3.5.6]
	at com.rabbitq.utils.MyBatisUtil.<clinit>(MyBatisUtil.java:28) ~[classes/:?]
	at com.rabbitq.models.impl.UserInfoGatherImpl.getRepos(UserInfoGatherImpl.java:37) ~[classes/:?]
	at com.rabbitq.job.ThreatIntelligenceJob.execute(ThreatIntelligenceJob.java:37) ~[classes/:?]
	at org.quartz.core.JobRunShell.run(JobRunShell.java:202) ~[quartz-2.3.2.jar:?]
	... 1 more
02:14:38.701 [DefaultQuartzScheduler_Worker-2] INFO  ThreatIntelligenceJobcom.rabbitq.job.ThreatIntelligenceJob - 开始抓取情报: 2024-06-27T02:14:38.701+0800
02:14:38.701 [DefaultQuartzScheduler_Worker-2] INFO  ThreatIntelligenceJobcom.rabbitq.job.ThreatIntelligenceJob - 开始抓取情报: 2024-06-27T02:14:38.701+0800
02:14:38.708 [DefaultQuartzScheduler_Worker-2] INFO  Reflectionsorg.reflections.Reflections - Reflections took 6 ms to scan 1 urls, producing 2 keys and 4 values
02:14:49.464 [DefaultQuartzScheduler_Worker-2] ERROR JobRunShellorg.quartz.core.JobRunShell - Job group1.threatIntelligenceJob threw an unhandled Exception: 
java.lang.NoClassDefFoundError: Could not initialize class com.rabbitq.utils.MyBatisUtil
	at com.rabbitq.models.impl.UserInfoGatherImpl.getRepos(UserInfoGatherImpl.java:37) ~[classes/:?]
	at com.rabbitq.job.ThreatIntelligenceJob.execute(ThreatIntelligenceJob.java:37) ~[classes/:?]
	at org.quartz.core.JobRunShell.run(JobRunShell.java:202) [quartz-2.3.2.jar:?]
	at org.quartz.simpl.SimpleThreadPool$WorkerThread.run(SimpleThreadPool.java:573) [quartz-2.3.2.jar:?]
Caused by: java.lang.ExceptionInInitializerError: Exception org.apache.ibatis.exceptions.PersistenceException: 
### Error building SqlSession.
### The error may exist in com/rabbitq/dao/RedteamToolsMonitorMapper.xml
### Cause: org.apache.ibatis.builder.BuilderException: Error parsing SQL Mapper Configuration. Cause: java.io.IOException: Could not find resource com/rabbitq/dao/RedteamToolsMonitorMapper.xml [in thread "DefaultQuartzScheduler_Worker-1"]
	at org.apache.ibatis.exceptions.ExceptionFactory.wrapException(ExceptionFactory.java:30) ~[mybatis-3.5.6.jar:3.5.6]
	at org.apache.ibatis.session.SqlSessionFactoryBuilder.build(SqlSessionFactoryBuilder.java:80) ~[mybatis-3.5.6.jar:3.5.6]
	at org.apache.ibatis.session.SqlSessionFactoryBuilder.build(SqlSessionFactoryBuilder.java:64) ~[mybatis-3.5.6.jar:3.5.6]
	at com.rabbitq.utils.MyBatisUtil.<clinit>(MyBatisUtil.java:28) ~[classes/:?]
	... 4 more
02:14:49.468 [DefaultQuartzScheduler_Worker-2] ERROR ErrorLoggerorg.quartz.core.ErrorLogger - Job (group1.threatIntelligenceJob threw an exception.
org.quartz.SchedulerException: Job threw an unhandled exception.
	at org.quartz.core.JobRunShell.run(JobRunShell.java:213) [quartz-2.3.2.jar:?]
	at org.quartz.simpl.SimpleThreadPool$WorkerThread.run(SimpleThreadPool.java:573) [quartz-2.3.2.jar:?]
Caused by: java.lang.NoClassDefFoundError: Could not initialize class com.rabbitq.utils.MyBatisUtil
	at com.rabbitq.models.impl.UserInfoGatherImpl.getRepos(UserInfoGatherImpl.java:37) ~[classes/:?]
	at com.rabbitq.job.ThreatIntelligenceJob.execute(ThreatIntelligenceJob.java:37) ~[classes/:?]
	at org.quartz.core.JobRunShell.run(JobRunShell.java:202) ~[quartz-2.3.2.jar:?]
	... 1 more
Caused by: java.lang.ExceptionInInitializerError: Exception org.apache.ibatis.exceptions.PersistenceException: 
### Error building SqlSession.
### The error may exist in com/rabbitq/dao/RedteamToolsMonitorMapper.xml
### Cause: org.apache.ibatis.builder.BuilderException: Error parsing SQL Mapper Configuration. Cause: java.io.IOException: Could not find resource com/rabbitq/dao/RedteamToolsMonitorMapper.xml [in thread "DefaultQuartzScheduler_Worker-1"]
	at org.apache.ibatis.exceptions.ExceptionFactory.wrapException(ExceptionFactory.java:30) ~[mybatis-3.5.6.jar:3.5.6]
	at org.apache.ibatis.session.SqlSessionFactoryBuilder.build(SqlSessionFactoryBuilder.java:80) ~[mybatis-3.5.6.jar:3.5.6]
	at org.apache.ibatis.session.SqlSessionFactoryBuilder.build(SqlSessionFactoryBuilder.java:64) ~[mybatis-3.5.6.jar:3.5.6]
	at com.rabbitq.utils.MyBatisUtil.<clinit>(MyBatisUtil.java:28) ~[classes/:?]
	at com.rabbitq.models.impl.UserInfoGatherImpl.getRepos(UserInfoGatherImpl.java:37) ~[classes/:?]
	at com.rabbitq.job.ThreatIntelligenceJob.execute(ThreatIntelligenceJob.java:37) ~[classes/:?]
	at org.quartz.core.JobRunShell.run(JobRunShell.java:202) ~[quartz-2.3.2.jar:?]
	... 1 more
02:15:33.650 [main] INFO  StdSchedulerFactoryorg.quartz.impl.StdSchedulerFactory - Using default implementation for ThreadExecutor
02:15:33.659 [main] INFO  SimpleThreadPoolorg.quartz.simpl.SimpleThreadPool - Job execution threads will use class loader of thread: main
02:15:33.673 [main] INFO  SchedulerSignalerImplorg.quartz.core.SchedulerSignalerImpl - Initialized Scheduler Signaller of type: class org.quartz.core.SchedulerSignalerImpl
02:15:33.673 [main] INFO  QuartzSchedulerorg.quartz.core.QuartzScheduler - Quartz Scheduler v.2.3.2 created.
02:15:33.675 [main] INFO  RAMJobStoreorg.quartz.simpl.RAMJobStore - RAMJobStore initialized.
02:15:33.676 [main] INFO  QuartzSchedulerorg.quartz.core.QuartzScheduler - Scheduler meta-data: Quartz Scheduler (v2.3.2) 'DefaultQuartzScheduler' with instanceId 'NON_CLUSTERED'
  Scheduler class: 'org.quartz.core.QuartzScheduler' - running locally.
  NOT STARTED.
  Currently in standby mode.
  Number of jobs executed: 0
  Using thread pool 'org.quartz.simpl.SimpleThreadPool' - with 10 threads.
  Using job-store 'org.quartz.simpl.RAMJobStore' - which does not support persistence. and is not clustered.

02:15:33.676 [main] INFO  StdSchedulerFactoryorg.quartz.impl.StdSchedulerFactory - Quartz scheduler 'DefaultQuartzScheduler' initialized from default resource file in Quartz package: 'quartz.properties'
02:15:33.676 [main] INFO  StdSchedulerFactoryorg.quartz.impl.StdSchedulerFactory - Quartz scheduler version: 2.3.2
02:15:33.677 [main] INFO  QuartzSchedulerorg.quartz.core.QuartzScheduler - Scheduler DefaultQuartzScheduler_$_NON_CLUSTERED started.
02:15:34.896 [DefaultQuartzScheduler_Worker-1] INFO  ThreatIntelligenceJobcom.rabbitq.job.ThreatIntelligenceJob - 开始抓取情报: 2024-06-27T02:15:34.834+0800
02:15:34.896 [DefaultQuartzScheduler_Worker-1] INFO  ThreatIntelligenceJobcom.rabbitq.job.ThreatIntelligenceJob - 开始抓取情报: 2024-06-27T02:15:34.834+0800
02:15:36.096 [DefaultQuartzScheduler_Worker-1] INFO  Reflectionsorg.reflections.Reflections - Reflections took 200 ms to scan 1 urls, producing 2 keys and 4 values
02:16:13.515 [DefaultQuartzScheduler_Worker-1] ERROR JobRunShellorg.quartz.core.JobRunShell - Job group1.threatIntelligenceJob threw an unhandled Exception: 
java.lang.ExceptionInInitializerError: null
	at com.rabbitq.models.impl.UserInfoGatherImpl.getRepos(UserInfoGatherImpl.java:37) ~[classes/:?]
	at com.rabbitq.job.ThreatIntelligenceJob.execute(ThreatIntelligenceJob.java:37) ~[classes/:?]
	at org.quartz.core.JobRunShell.run(JobRunShell.java:202) [quartz-2.3.2.jar:?]
	at org.quartz.simpl.SimpleThreadPool$WorkerThread.run(SimpleThreadPool.java:573) [quartz-2.3.2.jar:?]
Caused by: org.apache.ibatis.exceptions.PersistenceException: 
### Error building SqlSession.
### The error may exist in com/rabbitq/dao/RedteamToolsMonitorMapper.xml
### Cause: org.apache.ibatis.builder.BuilderException: Error parsing SQL Mapper Configuration. Cause: java.io.IOException: Could not find resource com/rabbitq/dao/RedteamToolsMonitorMapper.xml
	at org.apache.ibatis.exceptions.ExceptionFactory.wrapException(ExceptionFactory.java:30) ~[mybatis-3.5.6.jar:3.5.6]
	at org.apache.ibatis.session.SqlSessionFactoryBuilder.build(SqlSessionFactoryBuilder.java:80) ~[mybatis-3.5.6.jar:3.5.6]
	at org.apache.ibatis.session.SqlSessionFactoryBuilder.build(SqlSessionFactoryBuilder.java:64) ~[mybatis-3.5.6.jar:3.5.6]
	at com.rabbitq.utils.MyBatisUtil.<clinit>(MyBatisUtil.java:28) ~[classes/:?]
	... 4 more
Caused by: org.apache.ibatis.builder.BuilderException: Error parsing SQL Mapper Configuration. Cause: java.io.IOException: Could not find resource com/rabbitq/dao/RedteamToolsMonitorMapper.xml
	at org.apache.ibatis.builder.xml.XMLConfigBuilder.parseConfiguration(XMLConfigBuilder.java:122) ~[mybatis-3.5.6.jar:3.5.6]
	at org.apache.ibatis.builder.xml.XMLConfigBuilder.parse(XMLConfigBuilder.java:99) ~[mybatis-3.5.6.jar:3.5.6]
	at org.apache.ibatis.session.SqlSessionFactoryBuilder.build(SqlSessionFactoryBuilder.java:78) ~[mybatis-3.5.6.jar:3.5.6]
	at org.apache.ibatis.session.SqlSessionFactoryBuilder.build(SqlSessionFactoryBuilder.java:64) ~[mybatis-3.5.6.jar:3.5.6]
	at com.rabbitq.utils.MyBatisUtil.<clinit>(MyBatisUtil.java:28) ~[classes/:?]
	... 4 more
Caused by: java.io.IOException: Could not find resource com/rabbitq/dao/RedteamToolsMonitorMapper.xml
	at org.apache.ibatis.io.Resources.getResourceAsStream(Resources.java:114) ~[mybatis-3.5.6.jar:3.5.6]
	at org.apache.ibatis.io.Resources.getResourceAsStream(Resources.java:100) ~[mybatis-3.5.6.jar:3.5.6]
	at org.apache.ibatis.builder.xml.XMLConfigBuilder.mapperElement(XMLConfigBuilder.java:375) ~[mybatis-3.5.6.jar:3.5.6]
	at org.apache.ibatis.builder.xml.XMLConfigBuilder.parseConfiguration(XMLConfigBuilder.java:120) ~[mybatis-3.5.6.jar:3.5.6]
	at org.apache.ibatis.builder.xml.XMLConfigBuilder.parse(XMLConfigBuilder.java:99) ~[mybatis-3.5.6.jar:3.5.6]
	at org.apache.ibatis.session.SqlSessionFactoryBuilder.build(SqlSessionFactoryBuilder.java:78) ~[mybatis-3.5.6.jar:3.5.6]
	at org.apache.ibatis.session.SqlSessionFactoryBuilder.build(SqlSessionFactoryBuilder.java:64) ~[mybatis-3.5.6.jar:3.5.6]
	at com.rabbitq.utils.MyBatisUtil.<clinit>(MyBatisUtil.java:28) ~[classes/:?]
	... 4 more
02:16:13.526 [DefaultQuartzScheduler_Worker-1] ERROR ErrorLoggerorg.quartz.core.ErrorLogger - Job (group1.threatIntelligenceJob threw an exception.
org.quartz.SchedulerException: Job threw an unhandled exception.
	at org.quartz.core.JobRunShell.run(JobRunShell.java:213) [quartz-2.3.2.jar:?]
	at org.quartz.simpl.SimpleThreadPool$WorkerThread.run(SimpleThreadPool.java:573) [quartz-2.3.2.jar:?]
Caused by: java.lang.ExceptionInInitializerError
	at com.rabbitq.models.impl.UserInfoGatherImpl.getRepos(UserInfoGatherImpl.java:37) ~[classes/:?]
	at com.rabbitq.job.ThreatIntelligenceJob.execute(ThreatIntelligenceJob.java:37) ~[classes/:?]
	at org.quartz.core.JobRunShell.run(JobRunShell.java:202) ~[quartz-2.3.2.jar:?]
	... 1 more
Caused by: org.apache.ibatis.exceptions.PersistenceException: 
### Error building SqlSession.
### The error may exist in com/rabbitq/dao/RedteamToolsMonitorMapper.xml
### Cause: org.apache.ibatis.builder.BuilderException: Error parsing SQL Mapper Configuration. Cause: java.io.IOException: Could not find resource com/rabbitq/dao/RedteamToolsMonitorMapper.xml
	at org.apache.ibatis.exceptions.ExceptionFactory.wrapException(ExceptionFactory.java:30) ~[mybatis-3.5.6.jar:3.5.6]
	at org.apache.ibatis.session.SqlSessionFactoryBuilder.build(SqlSessionFactoryBuilder.java:80) ~[mybatis-3.5.6.jar:3.5.6]
	at org.apache.ibatis.session.SqlSessionFactoryBuilder.build(SqlSessionFactoryBuilder.java:64) ~[mybatis-3.5.6.jar:3.5.6]
	at com.rabbitq.utils.MyBatisUtil.<clinit>(MyBatisUtil.java:28) ~[classes/:?]
	at com.rabbitq.models.impl.UserInfoGatherImpl.getRepos(UserInfoGatherImpl.java:37) ~[classes/:?]
	at com.rabbitq.job.ThreatIntelligenceJob.execute(ThreatIntelligenceJob.java:37) ~[classes/:?]
	at org.quartz.core.JobRunShell.run(JobRunShell.java:202) ~[quartz-2.3.2.jar:?]
	... 1 more
Caused by: org.apache.ibatis.builder.BuilderException: Error parsing SQL Mapper Configuration. Cause: java.io.IOException: Could not find resource com/rabbitq/dao/RedteamToolsMonitorMapper.xml
	at org.apache.ibatis.builder.xml.XMLConfigBuilder.parseConfiguration(XMLConfigBuilder.java:122) ~[mybatis-3.5.6.jar:3.5.6]
	at org.apache.ibatis.builder.xml.XMLConfigBuilder.parse(XMLConfigBuilder.java:99) ~[mybatis-3.5.6.jar:3.5.6]
	at org.apache.ibatis.session.SqlSessionFactoryBuilder.build(SqlSessionFactoryBuilder.java:78) ~[mybatis-3.5.6.jar:3.5.6]
	at org.apache.ibatis.session.SqlSessionFactoryBuilder.build(SqlSessionFactoryBuilder.java:64) ~[mybatis-3.5.6.jar:3.5.6]
	at com.rabbitq.utils.MyBatisUtil.<clinit>(MyBatisUtil.java:28) ~[classes/:?]
	at com.rabbitq.models.impl.UserInfoGatherImpl.getRepos(UserInfoGatherImpl.java:37) ~[classes/:?]
	at com.rabbitq.job.ThreatIntelligenceJob.execute(ThreatIntelligenceJob.java:37) ~[classes/:?]
	at org.quartz.core.JobRunShell.run(JobRunShell.java:202) ~[quartz-2.3.2.jar:?]
	... 1 more
Caused by: java.io.IOException: Could not find resource com/rabbitq/dao/RedteamToolsMonitorMapper.xml
	at org.apache.ibatis.io.Resources.getResourceAsStream(Resources.java:114) ~[mybatis-3.5.6.jar:3.5.6]
	at org.apache.ibatis.io.Resources.getResourceAsStream(Resources.java:100) ~[mybatis-3.5.6.jar:3.5.6]
	at org.apache.ibatis.builder.xml.XMLConfigBuilder.mapperElement(XMLConfigBuilder.java:375) ~[mybatis-3.5.6.jar:3.5.6]
	at org.apache.ibatis.builder.xml.XMLConfigBuilder.parseConfiguration(XMLConfigBuilder.java:120) ~[mybatis-3.5.6.jar:3.5.6]
	at org.apache.ibatis.builder.xml.XMLConfigBuilder.parse(XMLConfigBuilder.java:99) ~[mybatis-3.5.6.jar:3.5.6]
	at org.apache.ibatis.session.SqlSessionFactoryBuilder.build(SqlSessionFactoryBuilder.java:78) ~[mybatis-3.5.6.jar:3.5.6]
	at org.apache.ibatis.session.SqlSessionFactoryBuilder.build(SqlSessionFactoryBuilder.java:64) ~[mybatis-3.5.6.jar:3.5.6]
	at com.rabbitq.utils.MyBatisUtil.<clinit>(MyBatisUtil.java:28) ~[classes/:?]
	at com.rabbitq.models.impl.UserInfoGatherImpl.getRepos(UserInfoGatherImpl.java:37) ~[classes/:?]
	at com.rabbitq.job.ThreatIntelligenceJob.execute(ThreatIntelligenceJob.java:37) ~[classes/:?]
	at org.quartz.core.JobRunShell.run(JobRunShell.java:202) ~[quartz-2.3.2.jar:?]
	... 1 more
02:16:50.429 [main] INFO  StdSchedulerFactoryorg.quartz.impl.StdSchedulerFactory - Using default implementation for ThreadExecutor
02:16:50.441 [main] INFO  SimpleThreadPoolorg.quartz.simpl.SimpleThreadPool - Job execution threads will use class loader of thread: main
02:16:50.456 [main] INFO  SchedulerSignalerImplorg.quartz.core.SchedulerSignalerImpl - Initialized Scheduler Signaller of type: class org.quartz.core.SchedulerSignalerImpl
02:16:50.456 [main] INFO  QuartzSchedulerorg.quartz.core.QuartzScheduler - Quartz Scheduler v.2.3.2 created.
02:16:50.457 [main] INFO  RAMJobStoreorg.quartz.simpl.RAMJobStore - RAMJobStore initialized.
02:16:50.458 [main] INFO  QuartzSchedulerorg.quartz.core.QuartzScheduler - Scheduler meta-data: Quartz Scheduler (v2.3.2) 'DefaultQuartzScheduler' with instanceId 'NON_CLUSTERED'
  Scheduler class: 'org.quartz.core.QuartzScheduler' - running locally.
  NOT STARTED.
  Currently in standby mode.
  Number of jobs executed: 0
  Using thread pool 'org.quartz.simpl.SimpleThreadPool' - with 10 threads.
  Using job-store 'org.quartz.simpl.RAMJobStore' - which does not support persistence. and is not clustered.

02:16:50.458 [main] INFO  StdSchedulerFactoryorg.quartz.impl.StdSchedulerFactory - Quartz scheduler 'DefaultQuartzScheduler' initialized from default resource file in Quartz package: 'quartz.properties'
02:16:50.458 [main] INFO  StdSchedulerFactoryorg.quartz.impl.StdSchedulerFactory - Quartz scheduler version: 2.3.2
02:16:50.460 [main] INFO  QuartzSchedulerorg.quartz.core.QuartzScheduler - Scheduler DefaultQuartzScheduler_$_NON_CLUSTERED started.
02:16:52.727 [DefaultQuartzScheduler_Worker-1] INFO  ThreatIntelligenceJobcom.rabbitq.job.ThreatIntelligenceJob - 开始抓取情报: 2024-06-27T02:16:52.661+0800
02:16:52.727 [DefaultQuartzScheduler_Worker-1] INFO  ThreatIntelligenceJobcom.rabbitq.job.ThreatIntelligenceJob - 开始抓取情报: 2024-06-27T02:16:52.661+0800
02:16:54.274 [DefaultQuartzScheduler_Worker-1] INFO  Reflectionsorg.reflections.Reflections - Reflections took 198 ms to scan 1 urls, producing 2 keys and 4 values
02:19:05.278 [DefaultQuartzScheduler_Worker-1] ERROR JobRunShellorg.quartz.core.JobRunShell - Job group1.threatIntelligenceJob threw an unhandled Exception: 
java.lang.ExceptionInInitializerError: null
	at com.rabbitq.models.impl.UserInfoGatherImpl.getRepos(UserInfoGatherImpl.java:38) ~[classes/:?]
	at com.rabbitq.job.ThreatIntelligenceJob.execute(ThreatIntelligenceJob.java:37) ~[classes/:?]
	at org.quartz.core.JobRunShell.run(JobRunShell.java:202) [quartz-2.3.2.jar:?]
	at org.quartz.simpl.SimpleThreadPool$WorkerThread.run(SimpleThreadPool.java:573) [quartz-2.3.2.jar:?]
Caused by: org.apache.ibatis.exceptions.PersistenceException: 
### Error building SqlSession.
### The error may exist in com/rabbitq/dao/RedteamToolsMonitorMapper.xml
### Cause: org.apache.ibatis.builder.BuilderException: Error parsing SQL Mapper Configuration. Cause: java.io.IOException: Could not find resource com/rabbitq/dao/RedteamToolsMonitorMapper.xml
	at org.apache.ibatis.exceptions.ExceptionFactory.wrapException(ExceptionFactory.java:30) ~[mybatis-3.5.6.jar:3.5.6]
	at org.apache.ibatis.session.SqlSessionFactoryBuilder.build(SqlSessionFactoryBuilder.java:80) ~[mybatis-3.5.6.jar:3.5.6]
	at org.apache.ibatis.session.SqlSessionFactoryBuilder.build(SqlSessionFactoryBuilder.java:64) ~[mybatis-3.5.6.jar:3.5.6]
	at com.rabbitq.utils.MyBatisUtil.<clinit>(MyBatisUtil.java:28) ~[classes/:?]
	... 4 more
Caused by: org.apache.ibatis.builder.BuilderException: Error parsing SQL Mapper Configuration. Cause: java.io.IOException: Could not find resource com/rabbitq/dao/RedteamToolsMonitorMapper.xml
	at org.apache.ibatis.builder.xml.XMLConfigBuilder.parseConfiguration(XMLConfigBuilder.java:122) ~[mybatis-3.5.6.jar:3.5.6]
	at org.apache.ibatis.builder.xml.XMLConfigBuilder.parse(XMLConfigBuilder.java:99) ~[mybatis-3.5.6.jar:3.5.6]
	at org.apache.ibatis.session.SqlSessionFactoryBuilder.build(SqlSessionFactoryBuilder.java:78) ~[mybatis-3.5.6.jar:3.5.6]
	at org.apache.ibatis.session.SqlSessionFactoryBuilder.build(SqlSessionFactoryBuilder.java:64) ~[mybatis-3.5.6.jar:3.5.6]
	at com.rabbitq.utils.MyBatisUtil.<clinit>(MyBatisUtil.java:28) ~[classes/:?]
	... 4 more
Caused by: java.io.IOException: Could not find resource com/rabbitq/dao/RedteamToolsMonitorMapper.xml
	at org.apache.ibatis.io.Resources.getResourceAsStream(Resources.java:114) ~[mybatis-3.5.6.jar:3.5.6]
	at org.apache.ibatis.io.Resources.getResourceAsStream(Resources.java:100) ~[mybatis-3.5.6.jar:3.5.6]
	at org.apache.ibatis.builder.xml.XMLConfigBuilder.mapperElement(XMLConfigBuilder.java:375) ~[mybatis-3.5.6.jar:3.5.6]
	at org.apache.ibatis.builder.xml.XMLConfigBuilder.parseConfiguration(XMLConfigBuilder.java:120) ~[mybatis-3.5.6.jar:3.5.6]
	at org.apache.ibatis.builder.xml.XMLConfigBuilder.parse(XMLConfigBuilder.java:99) ~[mybatis-3.5.6.jar:3.5.6]
	at org.apache.ibatis.session.SqlSessionFactoryBuilder.build(SqlSessionFactoryBuilder.java:78) ~[mybatis-3.5.6.jar:3.5.6]
	at org.apache.ibatis.session.SqlSessionFactoryBuilder.build(SqlSessionFactoryBuilder.java:64) ~[mybatis-3.5.6.jar:3.5.6]
	at com.rabbitq.utils.MyBatisUtil.<clinit>(MyBatisUtil.java:28) ~[classes/:?]
	... 4 more
02:19:05.295 [DefaultQuartzScheduler_Worker-1] ERROR ErrorLoggerorg.quartz.core.ErrorLogger - Job (group1.threatIntelligenceJob threw an exception.
org.quartz.SchedulerException: Job threw an unhandled exception.
	at org.quartz.core.JobRunShell.run(JobRunShell.java:213) [quartz-2.3.2.jar:?]
	at org.quartz.simpl.SimpleThreadPool$WorkerThread.run(SimpleThreadPool.java:573) [quartz-2.3.2.jar:?]
Caused by: java.lang.ExceptionInInitializerError
	at com.rabbitq.models.impl.UserInfoGatherImpl.getRepos(UserInfoGatherImpl.java:38) ~[classes/:?]
	at com.rabbitq.job.ThreatIntelligenceJob.execute(ThreatIntelligenceJob.java:37) ~[classes/:?]
	at org.quartz.core.JobRunShell.run(JobRunShell.java:202) ~[quartz-2.3.2.jar:?]
	... 1 more
Caused by: org.apache.ibatis.exceptions.PersistenceException: 
### Error building SqlSession.
### The error may exist in com/rabbitq/dao/RedteamToolsMonitorMapper.xml
### Cause: org.apache.ibatis.builder.BuilderException: Error parsing SQL Mapper Configuration. Cause: java.io.IOException: Could not find resource com/rabbitq/dao/RedteamToolsMonitorMapper.xml
	at org.apache.ibatis.exceptions.ExceptionFactory.wrapException(ExceptionFactory.java:30) ~[mybatis-3.5.6.jar:3.5.6]
	at org.apache.ibatis.session.SqlSessionFactoryBuilder.build(SqlSessionFactoryBuilder.java:80) ~[mybatis-3.5.6.jar:3.5.6]
	at org.apache.ibatis.session.SqlSessionFactoryBuilder.build(SqlSessionFactoryBuilder.java:64) ~[mybatis-3.5.6.jar:3.5.6]
	at com.rabbitq.utils.MyBatisUtil.<clinit>(MyBatisUtil.java:28) ~[classes/:?]
	at com.rabbitq.models.impl.UserInfoGatherImpl.getRepos(UserInfoGatherImpl.java:38) ~[classes/:?]
	at com.rabbitq.job.ThreatIntelligenceJob.execute(ThreatIntelligenceJob.java:37) ~[classes/:?]
	at org.quartz.core.JobRunShell.run(JobRunShell.java:202) ~[quartz-2.3.2.jar:?]
	... 1 more
Caused by: org.apache.ibatis.builder.BuilderException: Error parsing SQL Mapper Configuration. Cause: java.io.IOException: Could not find resource com/rabbitq/dao/RedteamToolsMonitorMapper.xml
	at org.apache.ibatis.builder.xml.XMLConfigBuilder.parseConfiguration(XMLConfigBuilder.java:122) ~[mybatis-3.5.6.jar:3.5.6]
	at org.apache.ibatis.builder.xml.XMLConfigBuilder.parse(XMLConfigBuilder.java:99) ~[mybatis-3.5.6.jar:3.5.6]
	at org.apache.ibatis.session.SqlSessionFactoryBuilder.build(SqlSessionFactoryBuilder.java:78) ~[mybatis-3.5.6.jar:3.5.6]
	at org.apache.ibatis.session.SqlSessionFactoryBuilder.build(SqlSessionFactoryBuilder.java:64) ~[mybatis-3.5.6.jar:3.5.6]
	at com.rabbitq.utils.MyBatisUtil.<clinit>(MyBatisUtil.java:28) ~[classes/:?]
	at com.rabbitq.models.impl.UserInfoGatherImpl.getRepos(UserInfoGatherImpl.java:38) ~[classes/:?]
	at com.rabbitq.job.ThreatIntelligenceJob.execute(ThreatIntelligenceJob.java:37) ~[classes/:?]
	at org.quartz.core.JobRunShell.run(JobRunShell.java:202) ~[quartz-2.3.2.jar:?]
	... 1 more
Caused by: java.io.IOException: Could not find resource com/rabbitq/dao/RedteamToolsMonitorMapper.xml
	at org.apache.ibatis.io.Resources.getResourceAsStream(Resources.java:114) ~[mybatis-3.5.6.jar:3.5.6]
	at org.apache.ibatis.io.Resources.getResourceAsStream(Resources.java:100) ~[mybatis-3.5.6.jar:3.5.6]
	at org.apache.ibatis.builder.xml.XMLConfigBuilder.mapperElement(XMLConfigBuilder.java:375) ~[mybatis-3.5.6.jar:3.5.6]
	at org.apache.ibatis.builder.xml.XMLConfigBuilder.parseConfiguration(XMLConfigBuilder.java:120) ~[mybatis-3.5.6.jar:3.5.6]
	at org.apache.ibatis.builder.xml.XMLConfigBuilder.parse(XMLConfigBuilder.java:99) ~[mybatis-3.5.6.jar:3.5.6]
	at org.apache.ibatis.session.SqlSessionFactoryBuilder.build(SqlSessionFactoryBuilder.java:78) ~[mybatis-3.5.6.jar:3.5.6]
	at org.apache.ibatis.session.SqlSessionFactoryBuilder.build(SqlSessionFactoryBuilder.java:64) ~[mybatis-3.5.6.jar:3.5.6]
	at com.rabbitq.utils.MyBatisUtil.<clinit>(MyBatisUtil.java:28) ~[classes/:?]
	at com.rabbitq.models.impl.UserInfoGatherImpl.getRepos(UserInfoGatherImpl.java:38) ~[classes/:?]
	at com.rabbitq.job.ThreatIntelligenceJob.execute(ThreatIntelligenceJob.java:37) ~[classes/:?]
	at org.quartz.core.JobRunShell.run(JobRunShell.java:202) ~[quartz-2.3.2.jar:?]
	... 1 more
02:20:30.493 [main] INFO  StdSchedulerFactoryorg.quartz.impl.StdSchedulerFactory - Using default implementation for ThreadExecutor
02:20:30.501 [main] INFO  SimpleThreadPoolorg.quartz.simpl.SimpleThreadPool - Job execution threads will use class loader of thread: main
02:20:30.517 [main] INFO  SchedulerSignalerImplorg.quartz.core.SchedulerSignalerImpl - Initialized Scheduler Signaller of type: class org.quartz.core.SchedulerSignalerImpl
02:20:30.517 [main] INFO  QuartzSchedulerorg.quartz.core.QuartzScheduler - Quartz Scheduler v.2.3.2 created.
02:20:30.519 [main] INFO  RAMJobStoreorg.quartz.simpl.RAMJobStore - RAMJobStore initialized.
02:20:30.520 [main] INFO  QuartzSchedulerorg.quartz.core.QuartzScheduler - Scheduler meta-data: Quartz Scheduler (v2.3.2) 'DefaultQuartzScheduler' with instanceId 'NON_CLUSTERED'
  Scheduler class: 'org.quartz.core.QuartzScheduler' - running locally.
  NOT STARTED.
  Currently in standby mode.
  Number of jobs executed: 0
  Using thread pool 'org.quartz.simpl.SimpleThreadPool' - with 10 threads.
  Using job-store 'org.quartz.simpl.RAMJobStore' - which does not support persistence. and is not clustered.

02:20:30.520 [main] INFO  StdSchedulerFactoryorg.quartz.impl.StdSchedulerFactory - Quartz scheduler 'DefaultQuartzScheduler' initialized from default resource file in Quartz package: 'quartz.properties'
02:20:30.520 [main] INFO  StdSchedulerFactoryorg.quartz.impl.StdSchedulerFactory - Quartz scheduler version: 2.3.2
02:20:30.521 [main] INFO  QuartzSchedulerorg.quartz.core.QuartzScheduler - Scheduler DefaultQuartzScheduler_$_NON_CLUSTERED started.
02:20:38.806 [DefaultQuartzScheduler_Worker-1] INFO  ThreatIntelligenceJobcom.rabbitq.job.ThreatIntelligenceJob - 开始抓取情报: 2024-06-27T02:20:38.721+0800
02:20:38.806 [DefaultQuartzScheduler_Worker-1] INFO  ThreatIntelligenceJobcom.rabbitq.job.ThreatIntelligenceJob - 开始抓取情报: 2024-06-27T02:20:38.721+0800
02:20:39.388 [DefaultQuartzScheduler_Worker-1] INFO  Reflectionsorg.reflections.Reflections - Reflections took 219 ms to scan 1 urls, producing 2 keys and 4 values
02:23:06.430 [DefaultQuartzScheduler_Worker-1] ERROR JobRunShellorg.quartz.core.JobRunShell - Job group1.threatIntelligenceJob threw an unhandled Exception: 
java.lang.ExceptionInInitializerError: null
	at com.rabbitq.models.impl.UserInfoGatherImpl.getRepos(UserInfoGatherImpl.java:38) ~[classes/:?]
	at com.rabbitq.job.ThreatIntelligenceJob.execute(ThreatIntelligenceJob.java:37) ~[classes/:?]
	at org.quartz.core.JobRunShell.run(JobRunShell.java:202) [quartz-2.3.2.jar:?]
	at org.quartz.simpl.SimpleThreadPool$WorkerThread.run(SimpleThreadPool.java:573) [quartz-2.3.2.jar:?]
Caused by: org.apache.ibatis.exceptions.PersistenceException: 
### Error building SqlSession.
### The error may exist in com/rabbitq/dao/RedteamToolsMonitorMapper.xml
### Cause: org.apache.ibatis.builder.BuilderException: Error parsing SQL Mapper Configuration. Cause: java.io.IOException: Could not find resource com/rabbitq/dao/RedteamToolsMonitorMapper.xml
	at org.apache.ibatis.exceptions.ExceptionFactory.wrapException(ExceptionFactory.java:30) ~[mybatis-3.5.6.jar:3.5.6]
	at org.apache.ibatis.session.SqlSessionFactoryBuilder.build(SqlSessionFactoryBuilder.java:80) ~[mybatis-3.5.6.jar:3.5.6]
	at org.apache.ibatis.session.SqlSessionFactoryBuilder.build(SqlSessionFactoryBuilder.java:64) ~[mybatis-3.5.6.jar:3.5.6]
	at com.rabbitq.utils.MyBatisUtil.<clinit>(MyBatisUtil.java:28) ~[classes/:?]
	... 4 more
Caused by: org.apache.ibatis.builder.BuilderException: Error parsing SQL Mapper Configuration. Cause: java.io.IOException: Could not find resource com/rabbitq/dao/RedteamToolsMonitorMapper.xml
	at org.apache.ibatis.builder.xml.XMLConfigBuilder.parseConfiguration(XMLConfigBuilder.java:122) ~[mybatis-3.5.6.jar:3.5.6]
	at org.apache.ibatis.builder.xml.XMLConfigBuilder.parse(XMLConfigBuilder.java:99) ~[mybatis-3.5.6.jar:3.5.6]
	at org.apache.ibatis.session.SqlSessionFactoryBuilder.build(SqlSessionFactoryBuilder.java:78) ~[mybatis-3.5.6.jar:3.5.6]
	at org.apache.ibatis.session.SqlSessionFactoryBuilder.build(SqlSessionFactoryBuilder.java:64) ~[mybatis-3.5.6.jar:3.5.6]
	at com.rabbitq.utils.MyBatisUtil.<clinit>(MyBatisUtil.java:28) ~[classes/:?]
	... 4 more
Caused by: java.io.IOException: Could not find resource com/rabbitq/dao/RedteamToolsMonitorMapper.xml
	at org.apache.ibatis.io.Resources.getResourceAsStream(Resources.java:114) ~[mybatis-3.5.6.jar:3.5.6]
	at org.apache.ibatis.io.Resources.getResourceAsStream(Resources.java:100) ~[mybatis-3.5.6.jar:3.5.6]
	at org.apache.ibatis.builder.xml.XMLConfigBuilder.mapperElement(XMLConfigBuilder.java:375) ~[mybatis-3.5.6.jar:3.5.6]
	at org.apache.ibatis.builder.xml.XMLConfigBuilder.parseConfiguration(XMLConfigBuilder.java:120) ~[mybatis-3.5.6.jar:3.5.6]
	at org.apache.ibatis.builder.xml.XMLConfigBuilder.parse(XMLConfigBuilder.java:99) ~[mybatis-3.5.6.jar:3.5.6]
	at org.apache.ibatis.session.SqlSessionFactoryBuilder.build(SqlSessionFactoryBuilder.java:78) ~[mybatis-3.5.6.jar:3.5.6]
	at org.apache.ibatis.session.SqlSessionFactoryBuilder.build(SqlSessionFactoryBuilder.java:64) ~[mybatis-3.5.6.jar:3.5.6]
	at com.rabbitq.utils.MyBatisUtil.<clinit>(MyBatisUtil.java:28) ~[classes/:?]
	... 4 more
02:23:06.444 [DefaultQuartzScheduler_Worker-1] ERROR ErrorLoggerorg.quartz.core.ErrorLogger - Job (group1.threatIntelligenceJob threw an exception.
org.quartz.SchedulerException: Job threw an unhandled exception.
	at org.quartz.core.JobRunShell.run(JobRunShell.java:213) [quartz-2.3.2.jar:?]
	at org.quartz.simpl.SimpleThreadPool$WorkerThread.run(SimpleThreadPool.java:573) [quartz-2.3.2.jar:?]
Caused by: java.lang.ExceptionInInitializerError
	at com.rabbitq.models.impl.UserInfoGatherImpl.getRepos(UserInfoGatherImpl.java:38) ~[classes/:?]
	at com.rabbitq.job.ThreatIntelligenceJob.execute(ThreatIntelligenceJob.java:37) ~[classes/:?]
	at org.quartz.core.JobRunShell.run(JobRunShell.java:202) ~[quartz-2.3.2.jar:?]
	... 1 more
Caused by: org.apache.ibatis.exceptions.PersistenceException: 
### Error building SqlSession.
### The error may exist in com/rabbitq/dao/RedteamToolsMonitorMapper.xml
### Cause: org.apache.ibatis.builder.BuilderException: Error parsing SQL Mapper Configuration. Cause: java.io.IOException: Could not find resource com/rabbitq/dao/RedteamToolsMonitorMapper.xml
	at org.apache.ibatis.exceptions.ExceptionFactory.wrapException(ExceptionFactory.java:30) ~[mybatis-3.5.6.jar:3.5.6]
	at org.apache.ibatis.session.SqlSessionFactoryBuilder.build(SqlSessionFactoryBuilder.java:80) ~[mybatis-3.5.6.jar:3.5.6]
	at org.apache.ibatis.session.SqlSessionFactoryBuilder.build(SqlSessionFactoryBuilder.java:64) ~[mybatis-3.5.6.jar:3.5.6]
	at com.rabbitq.utils.MyBatisUtil.<clinit>(MyBatisUtil.java:28) ~[classes/:?]
	at com.rabbitq.models.impl.UserInfoGatherImpl.getRepos(UserInfoGatherImpl.java:38) ~[classes/:?]
	at com.rabbitq.job.ThreatIntelligenceJob.execute(ThreatIntelligenceJob.java:37) ~[classes/:?]
	at org.quartz.core.JobRunShell.run(JobRunShell.java:202) ~[quartz-2.3.2.jar:?]
	... 1 more
Caused by: org.apache.ibatis.builder.BuilderException: Error parsing SQL Mapper Configuration. Cause: java.io.IOException: Could not find resource com/rabbitq/dao/RedteamToolsMonitorMapper.xml
	at org.apache.ibatis.builder.xml.XMLConfigBuilder.parseConfiguration(XMLConfigBuilder.java:122) ~[mybatis-3.5.6.jar:3.5.6]
	at org.apache.ibatis.builder.xml.XMLConfigBuilder.parse(XMLConfigBuilder.java:99) ~[mybatis-3.5.6.jar:3.5.6]
	at org.apache.ibatis.session.SqlSessionFactoryBuilder.build(SqlSessionFactoryBuilder.java:78) ~[mybatis-3.5.6.jar:3.5.6]
	at org.apache.ibatis.session.SqlSessionFactoryBuilder.build(SqlSessionFactoryBuilder.java:64) ~[mybatis-3.5.6.jar:3.5.6]
	at com.rabbitq.utils.MyBatisUtil.<clinit>(MyBatisUtil.java:28) ~[classes/:?]
	at com.rabbitq.models.impl.UserInfoGatherImpl.getRepos(UserInfoGatherImpl.java:38) ~[classes/:?]
	at com.rabbitq.job.ThreatIntelligenceJob.execute(ThreatIntelligenceJob.java:37) ~[classes/:?]
	at org.quartz.core.JobRunShell.run(JobRunShell.java:202) ~[quartz-2.3.2.jar:?]
	... 1 more
Caused by: java.io.IOException: Could not find resource com/rabbitq/dao/RedteamToolsMonitorMapper.xml
	at org.apache.ibatis.io.Resources.getResourceAsStream(Resources.java:114) ~[mybatis-3.5.6.jar:3.5.6]
	at org.apache.ibatis.io.Resources.getResourceAsStream(Resources.java:100) ~[mybatis-3.5.6.jar:3.5.6]
	at org.apache.ibatis.builder.xml.XMLConfigBuilder.mapperElement(XMLConfigBuilder.java:375) ~[mybatis-3.5.6.jar:3.5.6]
	at org.apache.ibatis.builder.xml.XMLConfigBuilder.parseConfiguration(XMLConfigBuilder.java:120) ~[mybatis-3.5.6.jar:3.5.6]
	at org.apache.ibatis.builder.xml.XMLConfigBuilder.parse(XMLConfigBuilder.java:99) ~[mybatis-3.5.6.jar:3.5.6]
	at org.apache.ibatis.session.SqlSessionFactoryBuilder.build(SqlSessionFactoryBuilder.java:78) ~[mybatis-3.5.6.jar:3.5.6]
	at org.apache.ibatis.session.SqlSessionFactoryBuilder.build(SqlSessionFactoryBuilder.java:64) ~[mybatis-3.5.6.jar:3.5.6]
	at com.rabbitq.utils.MyBatisUtil.<clinit>(MyBatisUtil.java:28) ~[classes/:?]
	at com.rabbitq.models.impl.UserInfoGatherImpl.getRepos(UserInfoGatherImpl.java:38) ~[classes/:?]
	at com.rabbitq.job.ThreatIntelligenceJob.execute(ThreatIntelligenceJob.java:37) ~[classes/:?]
	at org.quartz.core.JobRunShell.run(JobRunShell.java:202) ~[quartz-2.3.2.jar:?]
	... 1 more
02:23:29.644 [main] INFO  StdSchedulerFactoryorg.quartz.impl.StdSchedulerFactory - Using default implementation for ThreadExecutor
02:23:29.654 [main] INFO  SimpleThreadPoolorg.quartz.simpl.SimpleThreadPool - Job execution threads will use class loader of thread: main
02:23:29.669 [main] INFO  SchedulerSignalerImplorg.quartz.core.SchedulerSignalerImpl - Initialized Scheduler Signaller of type: class org.quartz.core.SchedulerSignalerImpl
02:23:29.669 [main] INFO  QuartzSchedulerorg.quartz.core.QuartzScheduler - Quartz Scheduler v.2.3.2 created.
02:23:29.671 [main] INFO  RAMJobStoreorg.quartz.simpl.RAMJobStore - RAMJobStore initialized.
02:23:29.672 [main] INFO  QuartzSchedulerorg.quartz.core.QuartzScheduler - Scheduler meta-data: Quartz Scheduler (v2.3.2) 'DefaultQuartzScheduler' with instanceId 'NON_CLUSTERED'
  Scheduler class: 'org.quartz.core.QuartzScheduler' - running locally.
  NOT STARTED.
  Currently in standby mode.
  Number of jobs executed: 0
  Using thread pool 'org.quartz.simpl.SimpleThreadPool' - with 10 threads.
  Using job-store 'org.quartz.simpl.RAMJobStore' - which does not support persistence. and is not clustered.

02:23:29.672 [main] INFO  StdSchedulerFactoryorg.quartz.impl.StdSchedulerFactory - Quartz scheduler 'DefaultQuartzScheduler' initialized from default resource file in Quartz package: 'quartz.properties'
02:23:29.672 [main] INFO  StdSchedulerFactoryorg.quartz.impl.StdSchedulerFactory - Quartz scheduler version: 2.3.2
02:23:29.672 [main] INFO  QuartzSchedulerorg.quartz.core.QuartzScheduler - Scheduler DefaultQuartzScheduler_$_NON_CLUSTERED started.
02:23:43.755 [DefaultQuartzScheduler_Worker-1] INFO  ThreatIntelligenceJobcom.rabbitq.job.ThreatIntelligenceJob - 开始抓取情报: 2024-06-27T02:23:43.680+0800
02:23:43.755 [DefaultQuartzScheduler_Worker-1] INFO  ThreatIntelligenceJobcom.rabbitq.job.ThreatIntelligenceJob - 开始抓取情报: 2024-06-27T02:23:43.680+0800
02:23:44.275 [DefaultQuartzScheduler_Worker-1] INFO  Reflectionsorg.reflections.Reflections - Reflections took 211 ms to scan 1 urls, producing 2 keys and 4 values
23:10:31.128 [DefaultQuartzScheduler_Worker-2] INFO  ThreatIntelligenceJobcom.rabbitq.job.ThreatIntelligenceJob - 开始抓取情报: 2024-06-27T23:10:31.128+0800
23:10:31.128 [DefaultQuartzScheduler_Worker-2] INFO  ThreatIntelligenceJobcom.rabbitq.job.ThreatIntelligenceJob - 开始抓取情报: 2024-06-27T23:10:31.128+0800
23:10:31.156 [DefaultQuartzScheduler_Worker-2] INFO  Reflectionsorg.reflections.Reflections - Reflections took 20 ms to scan 1 urls, producing 2 keys and 4 values
23:11:29.690 [DefaultQuartzScheduler_Worker-3] INFO  ThreatIntelligenceJobcom.rabbitq.job.ThreatIntelligenceJob - 开始抓取情报: 2024-06-27T23:11:29.690+0800
23:11:29.690 [DefaultQuartzScheduler_Worker-3] INFO  ThreatIntelligenceJobcom.rabbitq.job.ThreatIntelligenceJob - 开始抓取情报: 2024-06-27T23:11:29.690+0800
23:11:29.701 [DefaultQuartzScheduler_Worker-3] INFO  Reflectionsorg.reflections.Reflections - Reflections took 9 ms to scan 1 urls, producing 2 keys and 4 values
23:22:43.592 [main] INFO  StdSchedulerFactoryorg.quartz.impl.StdSchedulerFactory - Using default implementation for ThreadExecutor
23:22:43.604 [main] INFO  SimpleThreadPoolorg.quartz.simpl.SimpleThreadPool - Job execution threads will use class loader of thread: main
23:22:43.620 [main] INFO  SchedulerSignalerImplorg.quartz.core.SchedulerSignalerImpl - Initialized Scheduler Signaller of type: class org.quartz.core.SchedulerSignalerImpl
23:22:43.620 [main] INFO  QuartzSchedulerorg.quartz.core.QuartzScheduler - Quartz Scheduler v.2.3.2 created.
23:22:43.621 [main] INFO  RAMJobStoreorg.quartz.simpl.RAMJobStore - RAMJobStore initialized.
23:22:43.623 [main] INFO  QuartzSchedulerorg.quartz.core.QuartzScheduler - Scheduler meta-data: Quartz Scheduler (v2.3.2) 'DefaultQuartzScheduler' with instanceId 'NON_CLUSTERED'
  Scheduler class: 'org.quartz.core.QuartzScheduler' - running locally.
  NOT STARTED.
  Currently in standby mode.
  Number of jobs executed: 0
  Using thread pool 'org.quartz.simpl.SimpleThreadPool' - with 10 threads.
  Using job-store 'org.quartz.simpl.RAMJobStore' - which does not support persistence. and is not clustered.

23:22:43.623 [main] INFO  StdSchedulerFactoryorg.quartz.impl.StdSchedulerFactory - Quartz scheduler 'DefaultQuartzScheduler' initialized from default resource file in Quartz package: 'quartz.properties'
23:22:43.623 [main] INFO  StdSchedulerFactoryorg.quartz.impl.StdSchedulerFactory - Quartz scheduler version: 2.3.2
23:22:43.623 [main] INFO  QuartzSchedulerorg.quartz.core.QuartzScheduler - Scheduler DefaultQuartzScheduler_$_NON_CLUSTERED started.
23:22:43.677 [DefaultQuartzScheduler_Worker-1] INFO  ThreatIntelligenceJobcom.rabbitq.job.ThreatIntelligenceJob - 开始抓取情报: 2024-06-27T23:22:43.642+0800
23:22:43.677 [DefaultQuartzScheduler_Worker-1] INFO  ThreatIntelligenceJobcom.rabbitq.job.ThreatIntelligenceJob - 开始抓取情报: 2024-06-27T23:22:43.642+0800
23:22:43.805 [DefaultQuartzScheduler_Worker-1] INFO  Reflectionsorg.reflections.Reflections - Reflections took 102 ms to scan 1 urls, producing 2 keys and 4 values
